#
# There is insufficient memory for the Java Runtime Environment to continue.
# Native memory allocation (mmap) failed to map 232783872 bytes for Failed to commit area from 0x0000000722400000 to 0x0000000730200000 of length 232783872.
# Possible reasons:
#   The system is out of physical RAM or swap space
#   The process is running with CompressedOops enabled, and the Java Heap may be blocking the growth of the native heap
# Possible solutions:
#   Reduce memory load on the system
#   Increase physical memory or swap space
#   Check if swap backing store is full
#   Decrease Java heap size (-Xmx/-Xms)
#   Decrease number of Java threads
#   Decrease Java thread stack sizes (-Xss)
#   Set larger code cache with -XX:ReservedCodeCacheSize=
# This output file may be truncated or incomplete.
#
#  Out of Memory Error (./src/hotspot/os/windows/os_windows.cpp:3521), pid=15608, tid=16576
#
# JRE version:  (11.0.12+7) (build )
# Java VM: OpenJDK 64-Bit Server VM (11.0.12+7-b1504.28-7817840, mixed mode, sharing, tiered, compressed oops, g1 gc, windows-amd64)
# No core dump will be written. Minidumps are not enabled by default on client versions of Windows
#

---------------  S U M M A R Y ------------

Command Line: org.jetbrains.kotlin.cli.jvm.K2JVMCompiler @E:\Production\Criminal\app\build\20230217_903168044960622454.compiler.options

Host: AMD Ryzen 7 5800U with Radeon Graphics         , 16 cores, 13G,  Windows 10 , 64 bit Build 19041 (10.0.19041.1566)
Time: Fri Feb 17 19:38:32 2023 RTZ 2 (зима) elapsed time: 0.009005 seconds (0d 0h 0m 0s)

---------------  T H R E A D  ---------------

Current thread (0x000001bf38067000):  JavaThread "Unknown thread" [_thread_in_vm, id=16576, stack(0x000000955f800000,0x000000955f900000)]

Stack: [0x000000955f800000,0x000000955f900000]
Native frames: (J=compiled Java code, j=interpreted, Vv=VM code, C=native code)
V  [jvm.dll+0x5fbcea]
V  [jvm.dll+0x731905]
V  [jvm.dll+0x732f1d]
V  [jvm.dll+0x7335d3]
V  [jvm.dll+0x247bf8]
V  [jvm.dll+0x5f90b4]
V  [jvm.dll+0x5edc85]
V  [jvm.dll+0x305aeb]
V  [jvm.dll+0x305a5a]
V  [jvm.dll+0x305932]
V  [jvm.dll+0x30a896]
V  [jvm.dll+0x353803]
V  [jvm.dll+0x353f06]
V  [jvm.dll+0x353903]
V  [jvm.dll+0x2e0678]
V  [jvm.dll+0x2e1827]
V  [jvm.dll+0x710037]
V  [jvm.dll+0x71182c]
V  [jvm.dll+0x360da9]
V  [jvm.dll+0x6f390e]
V  [jvm.dll+0x3c9723]
V  [jvm.dll+0x3cb9b1]
C  [jli.dll+0x536b]
C  [ucrtbase.dll+0x21bb2]
C  [KERNEL32.DLL+0x17034]
C  [ntdll.dll+0x52651]


---------------  P R O C E S S  ---------------

Threads class SMR info:
_java_thread_list=0x000001bf36660790, length=0, elements={
}

Java Threads: ( => current thread )

Other Threads:
  0x000001bf3807f800 GCTaskThread "GC Thread#0" [stack: 0x000000955f900000,0x000000955fa00000] [id=15780]
  0x000001bf380d4000 ConcurrentGCThread "G1 Main Marker" [stack: 0x000000955fa00000,0x000000955fb00000] [id=11040]
  0x000001bf380d5800 ConcurrentGCThread "G1 Conc#0" [stack: 0x000000955fb00000,0x000000955fc00000] [id=13428]

[error occurred during error reporting (printing all threads), id 0xc0000005, EXCEPTION_ACCESS_VIOLATION (0xc0000005) at pc=0x00007ffe5d520be7]

VM state:not at safepoint (not fully initialized)

VM Mutex/Monitor currently owned by a thread:  ([mutex/lock_event])
[0x000001bf380650a0] Heap_lock - owner thread: 0x000001bf38067000

Heap address: 0x0000000722400000, size: 3548 MB, Compressed Oops mode: Non-zero based: 0x0000000722400000
Narrow klass base: 0x0000000000000000, Narrow klass shift: 0

GC Heap History (0 events):
No events

Deoptimization events (0 events):
No events

Classes redefined (0 events):
No events

Internal exceptions (0 events):
No events

Events (1 events):
Event: 0.005 Loaded shared library E:\My\Programs\Android Studio\jre\bin\zip.dll


Dynamic libraries:
0x00007ff6770a0000 - 0x00007ff6770aa000 	E:\My\Programs\Android Studio\jre\bin\java.exe
0x00007ffe87c70000 - 0x00007ffe87e65000 	C:\Windows\SYSTEM32\ntdll.dll
0x00007ffe86b10000 - 0x00007ffe86bce000 	C:\Windows\System32\KERNEL32.DLL
0x00007ffe85600000 - 0x00007ffe858c8000 	C:\Windows\System32\KERNELBASE.dll
0x00007ffe85ad0000 - 0x00007ffe85bd0000 	C:\Windows\System32\ucrtbase.dll
0x00007ffe75a90000 - 0x00007ffe75aa9000 	E:\My\Programs\Android Studio\jre\bin\jli.dll
0x00007ffe7e820000 - 0x00007ffe7e837000 	E:\My\Programs\Android Studio\jre\bin\VCRUNTIME140.dll
0x00007ffe86f60000 - 0x00007ffe87100000 	C:\Windows\System32\USER32.dll
0x00007ffe85aa0000 - 0x00007ffe85ac2000 	C:\Windows\System32\win32u.dll
0x00007ffe84790000 - 0x00007ffe84a2a000 	C:\Windows\WinSxS\amd64_microsoft.windows.common-controls_6595b64144ccf1df_6.0.19041.1110_none_60b5254171f9507e\COMCTL32.dll
0x00007ffe87550000 - 0x00007ffe8757a000 	C:\Windows\System32\GDI32.dll
0x00007ffe86cf0000 - 0x00007ffe86d8e000 	C:\Windows\System32\msvcrt.dll
0x00007ffe853d0000 - 0x00007ffe854db000 	C:\Windows\System32\gdi32full.dll
0x00007ffe854e0000 - 0x00007ffe8557d000 	C:\Windows\System32\msvcp_win.dll
0x00007ffe87770000 - 0x00007ffe877a0000 	C:\Windows\System32\IMM32.DLL
0x00007ffe72dc0000 - 0x00007ffe72e5d000 	E:\My\Programs\Android Studio\jre\bin\msvcp140.dll
0x00007ffe5d230000 - 0x00007ffe5dd15000 	E:\My\Programs\Android Studio\jre\bin\server\jvm.dll
0x00007ffe87590000 - 0x00007ffe8763e000 	C:\Windows\System32\ADVAPI32.dll
0x00007ffe86ec0000 - 0x00007ffe86f5c000 	C:\Windows\System32\sechost.dll
0x00007ffe864c0000 - 0x00007ffe865e5000 	C:\Windows\System32\RPCRT4.dll
0x00007ffe87580000 - 0x00007ffe87588000 	C:\Windows\System32\PSAPI.DLL
0x00007ffe832b0000 - 0x00007ffe832b9000 	C:\Windows\SYSTEM32\WSOCK32.dll
0x00007ffe874e0000 - 0x00007ffe8754b000 	C:\Windows\System32\WS2_32.dll
0x00007ffe79b50000 - 0x00007ffe79b77000 	C:\Windows\SYSTEM32\WINMM.dll
0x00007ffe7cf10000 - 0x00007ffe7cf1a000 	C:\Windows\SYSTEM32\VERSION.dll
0x00007ffe83630000 - 0x00007ffe83642000 	C:\Windows\SYSTEM32\kernel.appcore.dll
0x00007ffe802e0000 - 0x00007ffe802f1000 	E:\My\Programs\Android Studio\jre\bin\verify.dll
0x00007ffe84d00000 - 0x00007ffe84ee4000 	C:\Windows\SYSTEM32\DBGHELP.DLL
0x00007ffe84b30000 - 0x00007ffe84b5c000 	C:\Windows\SYSTEM32\dbgcore.DLL
0x00007ffe85c80000 - 0x00007ffe85d02000 	C:\Windows\System32\bcryptPrimitives.dll
0x00007ffe7e870000 - 0x00007ffe7e899000 	E:\My\Programs\Android Studio\jre\bin\java.dll
0x00007ffe832a0000 - 0x00007ffe832ab000 	E:\My\Programs\Android Studio\jre\bin\jimage.dll
0x00007ffe7e850000 - 0x00007ffe7e868000 	E:\My\Programs\Android Studio\jre\bin\zip.dll

dbghelp: loaded successfully - version: 4.0.5 - missing functions: none
symbol engine: initialized successfully - sym options: 0x614 - pdb path: .;E:\My\Programs\Android Studio\jre\bin;C:\Windows\SYSTEM32;C:\Windows\WinSxS\amd64_microsoft.windows.common-controls_6595b64144ccf1df_6.0.19041.1110_none_60b5254171f9507e;E:\My\Programs\Android Studio\jre\bin\server

VM Arguments:
java_command: org.jetbrains.kotlin.cli.jvm.K2JVMCompiler @E:\Production\Criminal\app\build\20230217_903168044960622454.compiler.options
java_class_path (initial): C:\Users\Aleh\.gradle\caches\modules-2\files-2.1\org.jetbrains.kotlin\kotlin-compiler-embeddable\1.7.10\909803167c98606fcf22b4c848647c68e351d48d\kotlin-compiler-embeddable-1.7.10.jar;C:\Users\Aleh\.gradle\caches\modules-2\files-2.1\org.jetbrains.kotlin\kotlin-reflect\1.7.10\165e600dfea6185cf5efa700756294cc4904dbeb\kotlin-reflect-1.7.10.jar;C:\Users\Aleh\.gradle\caches\modules-2\files-2.1\org.jetbrains.kotlin\kotlin-stdlib\1.7.10\d2abf9e77736acc4450dc4a3f707fa2c10f5099d\kotlin-stdlib-1.7.10.jar;C:\Users\Aleh\.gradle\caches\modules-2\files-2.1\org.jetbrains.kotlin\kotlin-script-runtime\1.7.10\c99c87a6988d8fd8d5142e9ed5c9f34a7cf561ee\kotlin-script-runtime-1.7.10.jar;C:\Users\Aleh\.gradle\caches\modules-2\files-2.1\org.jetbrains.kotlin\kotlin-daemon-embeddable\1.7.10\3a9f7aef7080d3ae63126cbba4f827ed664f32fa\kotlin-daemon-embeddable-1.7.10.jar;C:\Users\Aleh\.gradle\caches\modules-2\files-2.1\org.jetbrains.intellij.deps\trove4j\1.0.20200330\3afb14d5f9ceb459d724e907a21145e8ff394f02\trove4j-1.0.20200330.jar;C:\Users\Aleh\.gradle\caches\modules-2\files-2.1\net.java.dev.jna\jna\5.6.0\330f2244e9030119ab3030fc3fededc86713d9cc\jna-5.6.0.jar;C:\Users\Aleh\.gradle\caches\modules-2\files-2.1\org.jetbrains.kotlin\kotlin-stdlib-common\1.7.10\bac80c520d0a9e3f3673bc2658c6ed02ef45a76a\kotlin-stdlib-common-1.7.10.jar;C:\Users\Aleh\.gradle\caches\modules-2\files-2.1\org.jetbrains\annotations\13.0\919f0dfe192fb4e063e7dacadee7f8bb9a2672a9\annotations-13.0.jar
Launcher Type: SUN_STANDARD

[Global flags]
     intx CICompilerCount                          = 12                                        {product} {ergonomic}
     uint ConcGCThreads                            = 3                                         {product} {ergonomic}
     uint G1ConcRefinementThreads                  = 13                                        {product} {ergonomic}
   size_t G1HeapRegionSize                         = 1048576                                   {product} {ergonomic}
    uintx GCDrainStackTargetSize                   = 64                                        {product} {ergonomic}
   size_t InitialHeapSize                          = 232783872                                 {product} {ergonomic}
   size_t MarkStackSize                            = 4194304                                   {product} {ergonomic}
   size_t MaxHeapSize                              = 3720347648                                {product} {ergonomic}
   size_t MinHeapDeltaBytes                        = 1048576                                   {product} {ergonomic}
    uintx NonNMethodCodeHeapSize                   = 7594288                                {pd product} {ergonomic}
    uintx NonProfiledCodeHeapSize                  = 122031976                              {pd product} {ergonomic}
    uintx ProfiledCodeHeapSize                     = 122031976                              {pd product} {ergonomic}
    uintx ReservedCodeCacheSize                    = 251658240                              {pd product} {ergonomic}
     bool SegmentedCodeCache                       = true                                      {product} {ergonomic}
     bool UseCompressedClassPointers               = true                                 {lp64_product} {ergonomic}
     bool UseCompressedOops                        = true                                 {lp64_product} {ergonomic}
     bool UseG1GC                                  = true                                      {product} {ergonomic}
     bool UseLargePagesIndividualAllocation        = false                                  {pd product} {ergonomic}

Logging:
Log output configuration:
 #0: stdout all=warning uptime,level,tags
 #1: stderr all=off uptime,level,tags

Environment Variables:
PATH=C:\Windows\system32;C:\Windows;C:\Windows\System32\Wbem;C:\Windows\System32\WindowsPowerShell\v1.0\;C:\Program Files\Git\cmd;C:\Users\Aleh\AppData\Local\Microsoft\WindowsApps;
USERNAME=Aleh
OS=Windows_NT
PROCESSOR_IDENTIFIER=AMD64 Family 25 Model 80 Stepping 0, AuthenticAMD



---------------  S Y S T E M  ---------------

OS: Windows 10 , 64 bit Build 19041 (10.0.19041.1566)
OS uptime: 57 days 21:55 hours

CPU:total 16 (initial active 16) (16 cores per cpu, 2 threads per core) family 25 model 80 stepping 0 microcode 0x0, cmov, cx8, fxsr, mmx, sse, sse2, sse3, ssse3, sse4.1, sse4.2, popcnt, avx, avx2, aes, clmul, erms, mmxext, 3dnowpref, lzcnt, sse4a, ht, tsc, tscinvbit, tscinv, bmi1, bmi2, adx, sha, fma

Memory: 4k page, system-wide physical 14188M (423M free)
TotalPageFile size 32861M (AvailPageFile size 154M)
current process WorkingSet (physical memory assigned to process): 10M, peak: 10M
current process commit charge ("private bytes"): 71M, peak: 292M

vm_info: OpenJDK 64-Bit Server VM (11.0.12+7-b1504.28-7817840) for windows-amd64 JRE (11.0.12+7-b1504.28-7817840), built on Oct 13 2021 22:12:33 by "builder" with MS VC++ 14.0 (VS2015)

END.
